[12:29:39] This is prokka 1.14.6
[12:29:39] Written by Torsten Seemann <torsten.seemann@gmail.com>
[12:29:39] Homepage is https://github.com/tseemann/prokka
[12:29:39] Local time is Sat Aug 10 12:29:39 2024
[12:29:39] You are not telling me who you are!
[12:29:39] Operating system is linux
[12:29:39] You have BioPerl 1.007002
[12:29:39] System has 8 cores.
[12:29:39] Will use maximum of 8 cores.
[12:29:39] Annotating as >>> Bacteria <<<
[12:29:39] Generating locus_tag from 'contigs66.fasta' contents.
[12:29:39] Setting --locustag CPJADAKE from MD5 c93ada4e56b2bd5948730aaf4dd950cd
[12:29:39] Creating new output folder: ERR1191866
[12:29:39] Running: mkdir -p ERR1191866
[12:29:39] Using filename prefix: PROKKA_08102024.XXX
[12:29:39] Setting HMMER_NCPU=1
[12:29:39] Writing log to: ERR1191866/PROKKA_08102024.log
[12:29:39] Command: /prokka-1.14.6/bin/prokka --outdir ERR1191866 --kingdom Bacteria contigs66.fasta
[12:29:39] Appending to PATH: /prokka-1.14.6/bin/../binaries/linux
[12:29:39] Appending to PATH: /prokka-1.14.6/bin/../binaries/linux/../common
[12:29:39] Appending to PATH: /prokka-1.14.6/bin
[12:29:39] Looking for 'aragorn' - found /prokka-1.14.6/binaries/linux/aragorn
[12:29:39] Determined aragorn version is 001002 from 'ARAGORN v1.2.38 Dean Laslett'
[12:29:39] Looking for 'barrnap' - found /barrnap-0.9/bin/barrnap
[12:29:39] Determined barrnap version is 000009 from 'barrnap 0.9'
[12:29:39] Looking for 'blastp' - found /ncbi-blast-2.9.0+/bin/blastp
[12:29:39] Determined blastp version is 002009 from 'blastp: 2.9.0+'
[12:29:39] Looking for 'cmpress' - found /prokka-1.14.6/binaries/linux/cmpress
[12:29:39] Determined cmpress version is 001001 from '# INFERNAL 1.1.2 (July 2016)'
[12:29:39] Looking for 'cmscan' - found /prokka-1.14.6/binaries/linux/cmscan
[12:29:39] Determined cmscan version is 001001 from '# INFERNAL 1.1.2 (July 2016)'
[12:29:39] Looking for 'egrep' - found /bin/egrep
[12:29:39] Looking for 'find' - found /usr/bin/find
[12:29:39] Looking for 'grep' - found /bin/grep
[12:29:39] Looking for 'hmmpress' - found /usr/bin/hmmpress
[12:29:39] Determined hmmpress version is 003001 from '# HMMER 3.1b2 (February 2015); http://hmmer.org/'
[12:29:39] Looking for 'hmmscan' - found /usr/bin/hmmscan
[12:29:39] Determined hmmscan version is 003001 from '# HMMER 3.1b2 (February 2015); http://hmmer.org/'
[12:29:39] Looking for 'java' - found /usr/bin/java
[12:29:39] Looking for 'makeblastdb' - found /ncbi-blast-2.9.0+/bin/makeblastdb
[12:29:40] Determined makeblastdb version is 002009 from 'makeblastdb: 2.9.0+'
[12:29:40] Looking for 'minced' - found /prokka-1.14.6/binaries/common/minced
[12:29:40] Determined minced version is 002000 from 'minced 0.2.0'
[12:29:40] Looking for 'parallel' - found /prokka-1.14.6/binaries/common/parallel
[12:29:40] Determined parallel version is 20150122 from 'GNU parallel 20150122'
[12:29:40] Looking for 'prodigal' - found /prokka-1.14.6/binaries/linux/prodigal
[12:29:41] Determined prodigal version is 002006 from 'Prodigal V2.6.3: February, 2016'
[12:29:41] Looking for 'prokka-genbank_to_fasta_db' - found /prokka-1.14.6/bin/prokka-genbank_to_fasta_db
[12:29:41] Looking for 'sed' - found /bin/sed
[12:29:41] Looking for 'tbl2asn' - found /usr/bin/tbl2asn
[12:29:41] Determined tbl2asn version is 025008 from 'tbl2asn 25.8   arguments:'
[12:29:41] Using genetic code table 11.
[12:29:41] Loading and checking input file: contigs66.fasta
[12:29:41] Wrote 219 contigs totalling 2079819 bp.
[12:29:41] Predicting tRNAs and tmRNAs
[12:29:41] Running: aragorn -l -gc11  -w ERR1191866\/PROKKA_08102024\.fna
[12:29:42] 1 tRNA-Arg [7150,7221] 34 (cct)
[12:29:42] 2 tRNA-Arg [55995,56068] 35 (ccg)
[12:29:42] 1 tRNA-Leu [49483,49570] 36 (aag)
[12:29:42] 1 tRNA-Asn c[42486,42559] 35 (gtt)
[12:29:42] 2 tRNA-Glu c[42565,42636] 34 (ttc)
[12:29:42] 3 tRNA-Arg c[45073,45146] 35 (tct)
[12:29:42] 1 tRNA-Val [59,131] 34 (tac)
[12:29:42] 2 tRNA-Asp [134,206] 34 (gtc)
[12:29:42] 3 tRNA-Lys [231,303] 34 (ttt)
[12:29:42] 4 tRNA-Leu [308,391] 36 (tag)
[12:29:42] 5 tRNA-Thr [409,481] 34 (tgt)
[12:29:42] 6 tRNA-Gly [504,575] 33 (gcc)
[12:29:42] 7 tRNA-Leu [583,668] 35 (taa)
[12:29:42] 8 tRNA-Arg [678,751] 35 (acg)
[12:29:42] 9 tRNA-Pro [766,841] 36 (tgg)
[12:29:42] 10 tRNA-Cys c[38216,38289] 34 (gca)
[12:29:42] 1 tRNA-Leu c[57609,57694] 36 (caa)
[12:29:42] 2 tRNA-Gln c[57702,57775] 34 (ttg)
[12:29:42] 3 tRNA-His c[57784,57858] 35 (gtg)
[12:29:42] 4 tRNA-Trp c[57871,57943] 34 (cca)
[12:29:42] 5 tRNA-Tyr c[57946,58028] 36 (gta)
[12:29:42] 6 tRNA-Phe c[58040,58112] 34 (gaa)
[12:29:42] 7 tRNA-Met c[58116,58189] 35 (cat)
[12:29:42] 8 tRNA-Ser c[58200,58289] 37 (tga)
[12:29:42] 9 tRNA-Ile c[58371,58446] 36 (gat)
[12:29:42] 10 tRNA-Gly c[58479,58551] 34 (tcc)
[12:29:42] 1 tmRNA [12546,12890] 83,118 AKNNTSYALAA*
[12:29:42] 2 tRNA-Ser c[13074,13164] 36 (gga)
[12:29:42] 1 tRNA-Lys [14928,15003] 35 (ctt)
[12:29:42] 1 tRNA-Thr c[19524,19596] 34 (ggt)
[12:29:42] 1 tRNA-Phe [7664,7761] 39 (aaa)
[12:29:42] 1 tRNA-Gln c[1467,1538] 33 (ttg)
[12:29:42] 2 tRNA-Tyr c[1548,1628] 35 (gta)
[12:29:42] 1 tRNA-Ala [1902,1976] 35 (tgc)
[12:29:42] 1 tRNA-Ser [60,149] 36 (gct)
[12:29:42] 1 tRNA-Met [55,130] 36 (cat)
[12:29:42] 2 tRNA-Met [142,217] 36 (cat)
[12:29:42] Found 37 tRNAs
[12:29:42] Predicting Ribosomal RNAs
[12:29:42] Running Barrnap with 8 threads
[12:29:43] 1 NODE_49_length_5194_cov_156.004086 309 16S ribosomal RNA
[12:29:43] 2 NODE_49_length_5194_cov_156.004086 2102 23S ribosomal RNA
[12:29:43] 3 NODE_49_length_5194_cov_156.004086 5081 5S ribosomal RNA
[12:29:43] Found 3 rRNAs
[12:29:43] Skipping ncRNA search, enable with --rfam if desired.
[12:29:43] Total of 39 tRNA + rRNA features
[12:29:43] Searching for CRISPR repeats
[12:29:44] Found 0 CRISPRs
[12:29:44] Predicting coding sequences
[12:29:44] Contigs total 2079819 bp, so using single mode
[12:29:44] Running: prodigal -i ERR1191866\/PROKKA_08102024\.fna -c -m -g 11 -p single -f sco -q
[12:29:47] Excluding CDS which overlaps existing RNA (tRNA) at NODE_27_length_26109_cov_50.538881:7615..9156 on + strand
[12:29:47] Found 2058 CDS
[12:29:47] Connecting features back to sequences
[12:29:47] Not using genus-specific database. Try --usegenus to enable it.
[12:29:47] Annotating CDS, please be patient.
[12:29:47] Will use 8 CPUs for similarity searching.
[12:29:48] There are still 2058 unannotated CDS left (started with 2058)
[12:29:48] Will use blast to search against /prokka-1.14.6/db/kingdom/Bacteria/IS with 8 CPUs
[12:29:48] Running: cat ERR1191866\/PROKKA_08102024\.IS\.tmp\.25\.faa | parallel --gnu --plain -j 8 --block 37511 --recstart '>' --pipe blastp -query - -db /prokka-1.14.6/db/kingdom/Bacteria/IS -evalue 1e-30 -qcov_hsp_perc 90 -num_threads 1 -num_descriptions 1 -num_alignments 1 -seg no > ERR1191866\/PROKKA_08102024\.IS\.tmp\.25\.blast 2> /dev/null
[12:29:59] Modify product: ISL3 family transposase IS1167A => ISL3 family transposaseA
[12:29:59] Modify product: ISL3 family transposase IS1167A => ISL3 family transposaseA
[12:30:00] Cleaned 2 /product names
[12:30:00] Deleting unwanted file: ERR1191866/PROKKA_08102024.IS.tmp.25.faa
[12:30:00] Deleting unwanted file: ERR1191866/PROKKA_08102024.IS.tmp.25.blast
[12:30:01] There are still 2032 unannotated CDS left (started with 2058)
[12:30:01] Will use blast to search against /prokka-1.14.6/db/kingdom/Bacteria/AMR with 8 CPUs
[12:30:01] Running: cat ERR1191866\/PROKKA_08102024\.AMR\.tmp\.25\.faa | parallel --gnu --plain -j 8 --block 37245 --recstart '>' --pipe blastp -query - -db /prokka-1.14.6/db/kingdom/Bacteria/AMR -evalue 9.99999999999999e-301 -qcov_hsp_perc 90 -num_threads 1 -num_descriptions 1 -num_alignments 1 -seg no > ERR1191866\/PROKKA_08102024\.AMR\.tmp\.25\.blast 2> /dev/null
[12:30:10] Deleting unwanted file: ERR1191866/PROKKA_08102024.AMR.tmp.25.faa
[12:30:10] Deleting unwanted file: ERR1191866/PROKKA_08102024.AMR.tmp.25.blast
[12:30:11] There are still 2032 unannotated CDS left (started with 2058)
[12:30:11] Will use blast to search against /prokka-1.14.6/db/kingdom/Bacteria/sprot with 8 CPUs
[12:30:11] Running: cat ERR1191866\/PROKKA_08102024\.sprot\.tmp\.25\.faa | parallel --gnu --plain -j 8 --block 37245 --recstart '>' --pipe blastp -query - -db /prokka-1.14.6/db/kingdom/Bacteria/sprot -evalue 1e-09 -qcov_hsp_perc 80 -num_threads 1 -num_descriptions 1 -num_alignments 1 -seg no > ERR1191866\/PROKKA_08102024\.sprot\.tmp\.25\.blast 2> /dev/null
[12:31:17] Modify product: UPF0356 protein SP_0122 => hypothetical protein
[12:31:17] Modify product: Uncharacterized HTH-type transcriptional regulator SACOL2360 => putative HTH-type transcriptional regulator
[12:31:17] Modify product: Probable murein peptide carboxypeptidase => putative murein peptide carboxypeptidase
[12:31:17] Modify product: Uncharacterized oxidoreductase YjhC => putative oxidoreductase YjhC
[12:31:17] Modify product: Uncharacterized HTH-type transcriptional regulator YbbH => putative HTH-type transcriptional regulator YbbH
[12:31:17] Modify product: Uncharacterized ABC transporter ATP-binding protein Rv0986 => putative ABC transporter ATP-binding protein
[12:31:17] Modify product: Probable metallo-hydrolase M6_Spy0554 => putative metallo-hydrolase
[12:31:17] Modify product: Uncharacterized ABC transporter ATP-binding protein YbiT => putative ABC transporter ATP-binding protein YbiT
[12:31:17] Modify product: UPF0297 protein SP_0192 => hypothetical protein
[12:31:17] Modify product: UPF0473 protein SP_0194 => hypothetical protein
[12:31:18] Modify product: UPF0237 protein SP_0238 => hypothetical protein
[12:31:18] Modify product: UPF0210 protein SP_0239 => hypothetical protein
[12:31:18] Modify product: Putative ABC transporter ATP-binding protein MG187 homolog => Putative ABC transporter ATP-binding protein MG187 
[12:31:18] Modify product: Uncharacterized HTH-type transcriptional regulator YdjF => putative HTH-type transcriptional regulator YdjF
[12:31:18] Modify product: Putative zinc metalloprotease SA1105 => Putative zinc metalloprotease
[12:31:18] Modify product: Putative universal stress protein SA1532 => Putative universal stress protein
[12:31:18] Modify product: Uncharacterized metal-dependent hydrolase YcfH => putative metal-dependent hydrolase YcfH
[12:31:18] Modify product: Uncharacterized ABC transporter ATP-binding protein YknY => putative ABC transporter ATP-binding protein YknY
[12:31:18] Modify product: Uncharacterized protein YlbL => putative protein YlbL
[12:31:18] Modify product: UPF0053 protein HI_0107 => hypothetical protein
[12:31:18] Modify product: Uncharacterized ABC transporter ATP-binding protein YknY => putative ABC transporter ATP-binding protein YknY
[12:31:18] Modify product: Probable glutamine ABC transporter permease protein GlnM => putative glutamine ABC transporter permease protein GlnM
[12:31:18] Modify product: Uncharacterized oxidoreductase SA2266 => putative oxidoreductase
[12:31:18] Modify product: UPF0340 protein YwlG => hypothetical protein
[12:31:18] Modify product: Uncharacterized response regulatory protein SACOL0201 => putative response regulatory protein
[12:31:18] Modify product: DegV domain-containing protein SP_1112 => DegV domain-containing protein
[12:31:18] Modify product: Uncharacterized ABC transporter ATP-binding protein YheS => putative ABC transporter ATP-binding protein YheS
[12:31:18] Modify product: Uncharacterized ABC transporter ATP-binding protein YknY => putative ABC transporter ATP-binding protein YknY
[12:31:18] Modify product: Uncharacterized ABC transporter permease YknZ => putative ABC transporter permease YknZ
[12:31:18] Modify product: Bifunctional protein FolD => Bifunctional protein FolD protein
[12:31:18] Modify product: Probable riboflavin import permease protein RfuC => putative riboflavin import permease protein RfuC
[12:31:18] Modify product: GTP cyclohydrolase 1 type 2 homolog => GTP cyclohydrolase 1 type 2 
[12:31:18] Modify product: Probable pyridine nucleotide-disulfide oxidoreductase RclA => putative pyridine nucleotide-disulfide oxidoreductase RclA
[12:31:18] Modify product: Probable GTP-binding protein EngB => putative GTP-binding protein EngB
[12:31:18] Modify product: Probable cell division protein WhiA => putative cell division protein WhiA
[12:31:18] Modify product: Probable capsular polysaccharide biosynthesis protein YwqC => putative capsular polysaccharide biosynthesis protein YwqC
[12:31:18] Modify product: Uncharacterized glycosyltransferase EpsJ => putative glycosyltransferase EpsJ
[12:31:18] Modify product: Protein RmlC homolog => Protein RmlC 
[12:31:18] Modify product: UPF0398 protein SP_0371 => hypothetical protein
[12:31:18] Modify product: Uncharacterized protein Spy1535 => putative protein
[12:31:19] Modify product: Uncharacterized protein Spy1614 => putative protein
[12:31:19] Modify product: Uncharacterized protein SA1069 => putative protein
[12:31:19] Modify product: UPF0397 protein SP_0482 => hypothetical protein
[12:31:19] Modify product: Probable DNA-directed RNA polymerase subunit delta => putative DNA-directed RNA polymerase subunit delta
[12:31:19] Modify product: Uncharacterized ABC transporter ATP-binding protein Rv1273c => putative ABC transporter ATP-binding protein
[12:31:19] Modify product: Probable deferrochelatase/peroxidase EfeN => putative deferrochelatase/peroxidase EfeN
[12:31:19] Modify product: Probable bifunctional oligoribonuclease and PAP phosphatase NrnA => putative bifunctional oligoribonuclease and PAP phosphatase NrnA
[12:31:19] Modify product: Putative phosphatase M6_Spy0533 => Putative phosphatase
[12:31:19] Modify product: UPF0122 protein SP_1288 => hypothetical protein
[12:31:19] Modify product: Protease HtpX homolog => Protease HtpX 
[12:31:19] Modify product: Uncharacterized ABC transporter ATP-binding protein YheS => putative ABC transporter ATP-binding protein YheS
[12:31:19] Modify product: Probable transcription repressor NiaR => putative transcription repressor NiaR
[12:31:19] Modify product: Uncharacterized multiple-sugar transport system permease YteP => putative multiple-sugar transport system permease YteP
[12:31:19] Modify product: UPF0176 protein SP_0095 => hypothetical protein
[12:31:19] Modify product: Uncharacterized transporter YycB => putative transporter YycB
[12:31:19] Modify product: Probable licABCH operon regulator => putative licABCH operon regulator
[12:31:19] Modify product: Glutathione peroxidase homolog BsaA => Glutathione peroxidase BsaA
[12:31:19] Modify product: Probable ATP-dependent Clp protease ATP-binding subunit => putative ATP-dependent Clp protease ATP-binding subunit
[12:31:19] Modify product: UPF0371 protein DIP2346 => hypothetical protein
[12:31:19] Modify product: Uncharacterized protein HI_0933 => putative protein
[12:31:19] Modify product: DegV domain-containing protein spr0652 => DegV domain-containing protein
[12:31:19] Modify product: Probable dihydroorotate dehydrogenase A (fumarate) => putative dihydroorotate dehydrogenase A (fumarate)
[12:31:19] Modify product: Uncharacterized protein YqeN => putative protein YqeN
[12:31:19] Modify product: Probable dual-specificity RNA methyltransferase RlmN => putative dual-specificity RNA methyltransferase RlmN
[12:31:19] Modify product: Uncharacterized ABC transporter ATP-binding protein YbiT => putative ABC transporter ATP-binding protein YbiT
[12:31:19] Modify product: Putative transport protein Rv0205 => Putative transport protein
[12:31:19] Modify product: Probable ATP-dependent RNA helicase YfmL => putative ATP-dependent RNA helicase YfmL
[12:31:19] Modify product: UPF0291 protein SP_1473 => hypothetical protein
[12:31:19] Modify product: Probable NADH oxidase => putative NADH oxidase
[12:31:19] Modify product: UPF0073 inner membrane protein YqfA => hypothetical protein
[12:31:19] Modify product: Probable amino-acid permease protein YxeN => putative amino-acid permease protein YxeN
[12:31:19] Modify product: Uncharacterized inner membrane transporter YicL => putative inner membrane transporter YicL
[12:31:19] Modify product: UPF0223 protein BH2638 => hypothetical protein
[12:31:19] Modify product: Phosphate-specific transport system accessory protein PhoU homolog => Phosphate-specific transport system accessory protein PhoU 
[12:31:19] Modify product: UPF0342 protein SP_1372 => hypothetical protein
[12:31:19] Modify product: Probable multidrug resistance ABC transporter ATP-binding/permease protein YheH => putative multidrug resistance ABC transporter ATP-binding/permease protein YheH
[12:31:19] Modify product: Probable multidrug resistance ABC transporter ATP-binding/permease protein YheI => putative multidrug resistance ABC transporter ATP-binding/permease protein YheI
[12:31:20] Modify product: Tyrosine recombinase XerD-like => Tyrosine recombinase XerD-like protein
[12:31:20] Modify product: Uncharacterized protein YccU => putative protein YccU
[12:31:20] Modify product: UPF0324 inner membrane protein YeiH => hypothetical protein
[12:31:20] Modify product: Probable N-acetyl-LL-diaminopimelate aminotransferase => putative N-acetyl-LL-diaminopimelate aminotransferase
[12:31:20] Modify product: Sulfurtransferase Alvin_2599 => Sulfurtransferase
[12:31:20] Modify product: Nucleoid-associated protein SP_1102 => Nucleoid-associated protein
[12:31:20] Modify product: Putative glutamine amidotransferase Rv2859c => Putative glutamine amidotransferase
[12:31:20] Modify product: UPF0758 protein SP_1088 => hypothetical protein
[12:31:20] Modify product: Probable peptidoglycan glycosyltransferase FtsW => putative peptidoglycan glycosyltransferase FtsW
[12:31:20] Modify product: Putative lipid kinase SP_1045 => Putative lipid kinase
[12:31:20] Modify product: Uncharacterized AAA domain-containing protein Rv2559c => putative AAA domain-containing protein
[12:31:20] Modify product: Putative trans-acting regulator SP_1800 => Putative trans-acting regulator
[12:31:20] Modify product: Uncharacterized ABC transporter ATP-binding protein Rv0986 => putative ABC transporter ATP-binding protein
[12:31:20] Modify product: Probable glutamine ABC transporter permease protein GlnP => putative glutamine ABC transporter permease protein GlnP
[12:31:20] Modify product: Probable glutamine ABC transporter permease protein GlnM => putative glutamine ABC transporter permease protein GlnM
[12:31:20] Modify product: Putative NAD(P)H nitroreductase Spy0809 => Putative NAD(P)H nitroreductase
[12:31:20] Modify product: Probable ABC transporter ATP-binding protein M6_Spy0273 => putative ABC transporter ATP-binding protein
[12:31:20] Modify product: UPF0051 protein SA0778 => hypothetical protein
[12:31:20] Modify product: UPF0051 protein SA0778 => hypothetical protein
[12:31:20] Modify product: Probable tRNA sulfurtransferase => putative tRNA sulfurtransferase
[12:31:20] Modify product: Uncharacterized protein YbbA => putative protein YbbA
[12:31:20] Modify product: Probable manganese-dependent inorganic pyrophosphatase => putative manganese-dependent inorganic pyrophosphatase
[12:31:20] Modify product: UPF0213 protein SP_1535 => hypothetical protein
[12:31:20] Modify product: Putative trans-acting regulator SP_1800 => Putative trans-acting regulator
[12:31:20] Modify product: DegV domain-containing protein spr1415 => DegV domain-containing protein
[12:31:20] Modify product: Putative dipeptidase SA1572 => Putative dipeptidase
[12:31:20] Modify product: Probable nicotinate-nucleotide pyrophosphorylase [carboxylating] => putative nicotinate-nucleotide pyrophosphorylase [carboxylating]
[12:31:20] Modify product: Probable L-ascorbate-6-phosphate lactonase UlaG => putative L-ascorbate-6-phosphate lactonase UlaG
[12:31:20] Modify product: Probable licABCH operon regulator => putative licABCH operon regulator
[12:31:20] Modify product: Probable FMN/FAD exporter YeeO => putative FMN/FAD exporter YeeO
[12:31:20] Modify product: UPF0346 protein SP_0947 => hypothetical protein
[12:31:20] Modify product: Acetyltransferase PA3944 => Acetyltransferase
[12:31:20] Modify product: Multidrug efflux system ATP-binding protein Rv1218c => Multidrug efflux system ATP-binding protein
[12:31:20] Modify product: Uncharacterized protein YhaP => putative protein YhaP
[12:31:21] Modify product: Rqc2 homolog RqcH => Rqc2 RqcH
[12:31:21] Modify product: Probable protein-export membrane protein SecG => putative protein-export membrane protein SecG
[12:31:21] Modify product: Probable S-adenosyl-L-methionine-dependent methyltransferase TehB => putative S-adenosyl-L-methionine-dependent methyltransferase TehB
[12:31:21] Modify product: Uncharacterized protein Spy1595 => putative protein
[12:31:21] Modify product: Uncharacterized amino acid permease YhdG => putative amino acid permease YhdG
[12:31:21] Modify product: Probable siderophore transport system permease protein YfhA => putative siderophore transport system permease protein YfhA
[12:31:21] Modify product: Uncharacterized RNA methyltransferase SP_1029 => putative RNA methyltransferase
[12:31:21] Modify product: Uncharacterized protein YpuA => putative protein YpuA
[12:31:21] Modify product: Uncharacterized oxidoreductase YjhC => putative oxidoreductase YjhC
[12:31:21] Modify product: Probable type I restriction enzyme BthVORF4518P M protein => putative type I restriction enzymeP M protein
[12:31:21] Modify product: Probable transcriptional regulatory protein YeeN => putative transcriptional regulatory protein YeeN
[12:31:21] Modify product: Uncharacterized ABC transporter ATP-binding protein Rv1273c => putative ABC transporter ATP-binding protein
[12:31:21] Modify product: Uncharacterized ABC transporter ATP-binding protein TM_0288 => putative ABC transporter ATP-binding protein
[12:31:21] Modify product: Uncharacterized MscS family protein YkuT => putative MscS family protein YkuT
[12:31:21] Modify product: Uncharacterized protein YqeH => putative protein YqeH
[12:31:21] Modify product: Probable ribosomal protein YlxQ => putative ribosomal protein YlxQ
[12:31:21] Modify product: Phosphate-specific transport system accessory protein PhoU homolog => Phosphate-specific transport system accessory protein PhoU 
[12:31:21] Modify product: Uncharacterized protein YqgN => putative protein YqgN
[12:31:21] Modify product: Uncharacterized inner membrane transporter YicL => putative inner membrane transporter YicL
[12:31:21] Modify product: Probable copper-transporting ATPase PacS => putative copper-transporting ATPase PacS
[12:31:21] Modify product: Uncharacterized ABC transporter ATP-binding protein Rv1273c => putative ABC transporter ATP-binding protein
[12:31:21] Modify product: Uncharacterized ABC transporter ATP-binding protein TM_0288 => putative ABC transporter ATP-binding protein
[12:31:21] Modify product: Putative glutamine amidotransferase Rv2859c => Putative glutamine amidotransferase
[12:31:21] Modify product: Uncharacterized HTH-type transcriptional regulator YbbH => putative HTH-type transcriptional regulator YbbH
[12:31:21] Modify product: Uncharacterized multiple-sugar transport system permease YteP => putative multiple-sugar transport system permease YteP
[12:31:21] Modify product: Probable mannose-6-phosphate isomerase GmuF => putative mannose-6-phosphate isomerase GmuF
[12:31:21] Modify product: UPF0374 protein SP_1903 => hypothetical protein
[12:31:21] Cleaned 138 /product names
[12:31:21] Deleting unwanted file: ERR1191866/PROKKA_08102024.sprot.tmp.25.faa
[12:31:21] Deleting unwanted file: ERR1191866/PROKKA_08102024.sprot.tmp.25.blast
[12:31:22] There are still 885 unannotated CDS left (started with 2058)
[12:31:22] Will use hmmer3 to search against /prokka-1.14.6/db/hmm/HAMAP.hmm with 8 CPUs
[12:31:22] Running: cat ERR1191866\/PROKKA_08102024\.HAMAP\.hmm\.tmp\.25\.faa | parallel --gnu --plain -j 8 --block 13000 --recstart '>' --pipe hmmscan --noali --notextw --acc -E 1e-09 --cpu 1 /prokka-1.14.6/db/hmm/HAMAP.hmm /dev/stdin > ERR1191866\/PROKKA_08102024\.HAMAP\.hmm\.tmp\.25\.hmmer3 2> /dev/null
[12:31:39] Modify product: Protein SprT-like => Protein SprT-like protein
[12:31:39] Cleaned 1 /product names
[12:31:39] Deleting unwanted file: ERR1191866/PROKKA_08102024.HAMAP.hmm.tmp.25.faa
[12:31:39] Deleting unwanted file: ERR1191866/PROKKA_08102024.HAMAP.hmm.tmp.25.hmmer3
[12:31:39] Labelling remaining 811 proteins as 'hypothetical protein'
[12:31:39] Possible /pseudo 'putative protein' at NODE_1_length_133948_cov_42.228152 position 86087
[12:31:39] Possible /pseudo 'IS630 family transposase ISSpn2' at NODE_2_length_126650_cov_40.899301 position 22433
[12:31:39] Possible /pseudo 'Phosphate import ATP-binding protein PstB 3' at NODE_2_length_126650_cov_40.899301 position 83514
[12:31:39] Possible /pseudo 'Putative fluoride ion transporter CrcB' at NODE_3_length_102460_cov_41.504116 position 6313
[12:31:39] Possible /pseudo 'Coenzyme A biosynthesis bifunctional protein CoaBC' at NODE_3_length_102460_cov_41.504116 position 75155
[12:31:39] Possible /pseudo 'O-acetyl-L-homoserine sulfhydrylase' at NODE_3_length_102460_cov_41.504116 position 89551
[12:31:39] Possible /pseudo 'IS3 family transposase ISSpn11' at NODE_8_length_63987_cov_42.733858 position 24739
[12:31:39] Possible /pseudo 'Pyrrolidone-carboxylate peptidase' at NODE_15_length_58610_cov_43.191768 position 41436
[12:31:39] Possible /pseudo 'PTS system cellobiose-specific EIIC component' at NODE_21_length_45025_cov_44.440382 position 30479
[12:31:39] Possible /pseudo 'Major cell-binding factor' at NODE_22_length_37881_cov_37.835721 position 10344
[12:31:39] Possible /pseudo 'IS3 family transposase ISSpn4' at NODE_27_length_26109_cov_50.538881 position 24163
[12:31:39] Possible /pseudo 'Serine/threonine transporter SstT' at NODE_28_length_24994_cov_34.949437 position 3821
[12:31:39] Possible /pseudo 'Lactococcin-G-processing and transport ATP-binding protein LagD' at NODE_32_length_23056_cov_45.386722 position 2375
[12:31:39] Possible /pseudo 'putative ABC transporter ATP-binding protein' at NODE_36_length_19668_cov_45.101157 position 10823
[12:31:39] Found 994 unique /gene codes.
[12:31:39] Fixed 2 duplicate /gene - ecfT_1 ecfT_2
[12:31:39] Fixed 2 duplicate /gene - dsbD_1 dsbD_2
[12:31:39] Fixed 2 duplicate /gene - resA_1 resA_2
[12:31:39] Fixed 2 duplicate /gene - lacR_1 lacR_2
[12:31:39] Fixed 2 duplicate /gene - ruvB_1 ruvB_2
[12:31:39] Fixed 3 duplicate /gene - pcp_1 pcp_2 pcp_3
[12:31:39] Fixed 2 duplicate /gene - clpC_1 clpC_2
[12:31:39] Fixed 2 duplicate /gene - yjhC_1 yjhC_2
[12:31:39] Fixed 3 duplicate /gene - argR_1 argR_2 argR_3
[12:31:39] Fixed 2 duplicate /gene - glgX_1 glgX_2
[12:31:39] Fixed 3 duplicate /gene - manX_1 manX_2 manX_3
[12:31:39] Fixed 2 duplicate /gene - peb1A_1 peb1A_2
[12:31:39] Fixed 2 duplicate /gene - ykoD_1 ykoD_2
[12:31:39] Fixed 2 duplicate /gene - agrA_1 agrA_2
[12:31:39] Fixed 3 duplicate /gene - nanA_1 nanA_2 nanA_3
[12:31:39] Fixed 2 duplicate /gene - tadA_1 tadA_2
[12:31:39] Fixed 2 duplicate /gene - ybbH_1 ybbH_2
[12:31:39] Fixed 2 duplicate /gene - macB_1 macB_2
[12:31:39] Fixed 2 duplicate /gene - yheS_1 yheS_2
[12:31:39] Fixed 2 duplicate /gene - glnH_1 glnH_2
[12:31:39] Fixed 2 duplicate /gene - artP_1 artP_2
[12:31:39] Fixed 2 duplicate /gene - rsuA_1 rsuA_2
[12:31:39] Fixed 2 duplicate /gene - yicL_1 yicL_2
[12:31:39] Fixed 2 duplicate /gene - apaH_1 apaH_2
[12:31:39] Fixed 2 duplicate /gene - lytA_1 lytA_2
[12:31:39] Fixed 4 duplicate /gene - manZ_1 manZ_2 manZ_3 manZ_4
[12:31:39] Fixed 2 duplicate /gene - levE_1 levE_2
[12:31:39] Fixed 2 duplicate /gene - deoD_1 deoD_2
[12:31:39] Fixed 3 duplicate /gene - yknY_1 yknY_2 yknY_3
[12:31:39] Fixed 2 duplicate /gene - mshD_1 mshD_2
[12:31:39] Fixed 2 duplicate /gene - ccpA_1 ccpA_2
[12:31:39] Fixed 2 duplicate /gene - licA_1 licA_2
[12:31:39] Fixed 2 duplicate /gene - crcB_1 crcB_2
[12:31:39] Fixed 2 duplicate /gene - bglH_1 bglH_2
[12:31:39] Fixed 3 duplicate /gene - sasA_1 sasA_2 sasA_3
[12:31:39] Fixed 2 duplicate /gene - adh_1 adh_2
[12:31:39] Fixed 3 duplicate /gene - gpmA_1 gpmA_2 gpmA_3
[12:31:39] Fixed 2 duplicate /gene - rluD_1 rluD_2
[12:31:39] Fixed 2 duplicate /gene - celB_1 celB_2
[12:31:39] Fixed 2 duplicate /gene - tagU_1 tagU_2
[12:31:39] Fixed 2 duplicate /gene - licR_1 licR_2
[12:31:39] Fixed 2 duplicate /gene - ecsA_1 ecsA_2
[12:31:39] Fixed 2 duplicate /gene - sstT_1 sstT_2
[12:31:39] Fixed 4 duplicate /gene - glnQ_1 glnQ_2 glnQ_3 glnQ_4
[12:31:39] Fixed 2 duplicate /gene - udk_1 udk_2
[12:31:39] Fixed 2 duplicate /gene - thiM_1 thiM_2
[12:31:39] Fixed 2 duplicate /gene - nanB_1 nanB_2
[12:31:39] Fixed 2 duplicate /gene - tkt_1 tkt_2
[12:31:39] Fixed 2 duplicate /gene - COQ5_1 COQ5_2
[12:31:39] Fixed 3 duplicate /gene - bglK_1 bglK_2 bglK_3
[12:31:39] Fixed 2 duplicate /gene - pepA_1 pepA_2
[12:31:39] Fixed 4 duplicate /gene - btuD_1 btuD_2 btuD_3 btuD_4
[12:31:39] Fixed 2 duplicate /gene - yteP_1 yteP_2
[12:31:39] Fixed 2 duplicate /gene - lcnD_1 lcnD_2
[12:31:39] Fixed 2 duplicate /gene - dinG_1 dinG_2
[12:31:39] Fixed 2 duplicate /gene - IMPDH_1 IMPDH_2
[12:31:39] Fixed 4 duplicate /gene - lagD_1 lagD_2 lagD_3 lagD_4
[12:31:39] Fixed 2 duplicate /gene - galK_1 galK_2
[12:31:39] Fixed 4 duplicate /gene - licC_1 licC_2 licC_3 licC_4
[12:31:39] Fixed 2 duplicate /gene - spxA_1 spxA_2
[12:31:39] Fixed 2 duplicate /gene - agaA_1 agaA_2
[12:31:39] Fixed 2 duplicate /gene - glnM_1 glnM_2
[12:31:39] Fixed 2 duplicate /gene - ptsG_1 ptsG_2
[12:31:39] Fixed 2 duplicate /gene - ybiT_1 ybiT_2
[12:31:39] Fixed 2 duplicate /gene - lacC_1 lacC_2
[12:31:39] Fixed 2 duplicate /gene - murA1_1 murA1_2
[12:31:39] Fixed 2 duplicate /gene - thiE_1 thiE_2
[12:31:39] Fixed 2 duplicate /gene - gph_1 gph_2
[12:31:39] Fixed 2 duplicate /gene - gmuD_1 gmuD_2
[12:31:39] Fixed 2 duplicate /gene - rlmN_1 rlmN_2
[12:31:39] Fixed 2 duplicate /gene - atpE_1 atpE_2
[12:31:39] Fixed 2 duplicate /gene - coaBC_1 coaBC_2
[12:31:39] Fixed 2 duplicate /gene - gatC_1 gatC_2
[12:31:39] Fixed 2 duplicate /gene - fpgS_1 fpgS_2
[12:31:39] Fixed 3 duplicate /gene - sarA_1 sarA_2 sarA_3
[12:31:39] Fixed 2 duplicate /gene - yidA_1 yidA_2
[12:31:39] Fixed 4 duplicate /gene - lacF_1 lacF_2 lacF_3 lacF_4
[12:31:39] Fixed 2 duplicate /gene - cutC_1 cutC_2
[12:31:39] Fixed 3 duplicate /gene - pstB3_1 pstB3_2 pstB3_3
[12:31:39] Fixed 3 duplicate /gene - ssb_1 ssb_2 ssb_3
[12:31:39] Fixed 2 duplicate /gene - phoU_1 phoU_2
[12:31:39] Fixed 2 duplicate /gene - degA_1 degA_2
[12:31:39] Fixed 2 duplicate /gene - tenA_1 tenA_2
[12:31:39] Fixed 3 duplicate /gene - nanE_1 nanE_2 nanE_3
[12:31:39] Fixed 2 duplicate /gene - pepF1_1 pepF1_2
[12:31:39] Fixed 2 duplicate /gene - iscS_1 iscS_2
[12:31:39] Fixed 3 duplicate /gene - artM_1 artM_2 artM_3
[12:31:39] Fixed 2 duplicate /gene - licT_1 licT_2
[12:31:39] Fixed 4 duplicate /gene - araQ_1 araQ_2 araQ_3 araQ_4
[12:31:39] Fixed 2 duplicate /gene - def_1 def_2
[12:31:39] Fixed 2 duplicate /gene - arlR_1 arlR_2
[12:31:39] Fixed 2 duplicate /gene - fruA_1 fruA_2
[12:31:39] Fixed 2 duplicate /gene - bcrA_1 bcrA_2
[12:31:39] Fixed 7 duplicate /gene - xerC_1 xerC_2 xerC_3 xerC_4 xerC_5 xerC_6 xerC_7
[12:31:39] Fixed 2 duplicate /gene - sorC_1 sorC_2
[12:31:39] Fixed 2 duplicate /gene - ulaA_1 ulaA_2
[12:31:39] Fixed 2 duplicate /gene - smc_1 smc_2
[12:31:39] Fixed 97 colliding /gene names.
[12:31:39] Adding /locus_tag identifiers
[12:31:39] Assigned 2098 locus_tags to CDS and RNA features.
[12:31:39] Writing outputs to ERR1191866/
[12:31:42] Generating annotation statistics file
[12:31:42] Generating Genbank and Sequin files
[12:31:42] Running: tbl2asn -V b -a r10k -l paired-ends -M n -N 1 -y 'Annotated using prokka 1.14.6 from https://github.com/tseemann/prokka' -Z ERR1191866\/PROKKA_08102024\.err -i ERR1191866\/PROKKA_08102024\.fsa 2> /dev/null
[12:31:49] Deleting unwanted file: ERR1191866/errorsummary.val
[12:31:49] Deleting unwanted file: ERR1191866/PROKKA_08102024.dr
[12:31:49] Deleting unwanted file: ERR1191866/PROKKA_08102024.fixedproducts
[12:31:49] Deleting unwanted file: ERR1191866/PROKKA_08102024.ecn
[12:31:49] Deleting unwanted file: ERR1191866/PROKKA_08102024.val
[12:31:49] Repairing broken .GBK output that tbl2asn produces...
[12:31:49] Running: sed 's/COORDINATES: profile/COORDINATES:profile/' < ERR1191866\/PROKKA_08102024\.gbf > ERR1191866\/PROKKA_08102024\.gbk
[12:31:49] Deleting unwanted file: ERR1191866/PROKKA_08102024.gbf
[12:31:49] Output files:
[12:31:49] ERR1191866/PROKKA_08102024.sqn
[12:31:49] ERR1191866/PROKKA_08102024.fsa
[12:31:49] ERR1191866/PROKKA_08102024.gbk
[12:31:49] ERR1191866/PROKKA_08102024.err
[12:31:49] ERR1191866/PROKKA_08102024.tsv
[12:31:49] ERR1191866/PROKKA_08102024.log
[12:31:49] ERR1191866/PROKKA_08102024.faa
[12:31:49] ERR1191866/PROKKA_08102024.txt
[12:31:49] ERR1191866/PROKKA_08102024.ffn
[12:31:49] ERR1191866/PROKKA_08102024.tbl
[12:31:49] ERR1191866/PROKKA_08102024.fna
[12:31:49] ERR1191866/PROKKA_08102024.gff
[12:31:49] Annotation finished successfully.
[12:31:49] Walltime used: 2.17 minutes
[12:31:49] If you use this result please cite the Prokka paper:
[12:31:49] Seemann T (2014) Prokka: rapid prokaryotic genome annotation. Bioinformatics. 30(14):2068-9.
[12:31:49] Type 'prokka --citation' for more details.
[12:31:49] Thank you, come again.
