[12:32:50] This is prokka 1.14.6
[12:32:50] Written by Torsten Seemann <torsten.seemann@gmail.com>
[12:32:50] Homepage is https://github.com/tseemann/prokka
[12:32:50] Local time is Sat Aug 10 12:32:50 2024
[12:32:50] You are not telling me who you are!
[12:32:50] Operating system is linux
[12:32:50] You have BioPerl 1.007002
[12:32:50] System has 8 cores.
[12:32:50] Will use maximum of 8 cores.
[12:32:50] Annotating as >>> Bacteria <<<
[12:32:50] Generating locus_tag from 'contigs67.fasta' contents.
[12:32:51] Setting --locustag EJKBOHLF from MD5 e34b815f2539e5c75100cfe678ed725b
[12:32:51] Creating new output folder: ERR1191867
[12:32:51] Running: mkdir -p ERR1191867
[12:32:51] Using filename prefix: PROKKA_08102024.XXX
[12:32:51] Setting HMMER_NCPU=1
[12:32:51] Writing log to: ERR1191867/PROKKA_08102024.log
[12:32:51] Command: /prokka-1.14.6/bin/prokka --outdir ERR1191867 --kingdom Bacteria contigs67.fasta
[12:32:51] Appending to PATH: /prokka-1.14.6/bin/../binaries/linux
[12:32:51] Appending to PATH: /prokka-1.14.6/bin/../binaries/linux/../common
[12:32:51] Appending to PATH: /prokka-1.14.6/bin
[12:32:51] Looking for 'aragorn' - found /prokka-1.14.6/binaries/linux/aragorn
[12:32:51] Determined aragorn version is 001002 from 'ARAGORN v1.2.38 Dean Laslett'
[12:32:51] Looking for 'barrnap' - found /barrnap-0.9/bin/barrnap
[12:32:51] Determined barrnap version is 000009 from 'barrnap 0.9'
[12:32:51] Looking for 'blastp' - found /ncbi-blast-2.9.0+/bin/blastp
[12:32:51] Determined blastp version is 002009 from 'blastp: 2.9.0+'
[12:32:51] Looking for 'cmpress' - found /prokka-1.14.6/binaries/linux/cmpress
[12:32:51] Determined cmpress version is 001001 from '# INFERNAL 1.1.2 (July 2016)'
[12:32:51] Looking for 'cmscan' - found /prokka-1.14.6/binaries/linux/cmscan
[12:32:51] Determined cmscan version is 001001 from '# INFERNAL 1.1.2 (July 2016)'
[12:32:51] Looking for 'egrep' - found /bin/egrep
[12:32:51] Looking for 'find' - found /usr/bin/find
[12:32:51] Looking for 'grep' - found /bin/grep
[12:32:51] Looking for 'hmmpress' - found /usr/bin/hmmpress
[12:32:51] Determined hmmpress version is 003001 from '# HMMER 3.1b2 (February 2015); http://hmmer.org/'
[12:32:51] Looking for 'hmmscan' - found /usr/bin/hmmscan
[12:32:51] Determined hmmscan version is 003001 from '# HMMER 3.1b2 (February 2015); http://hmmer.org/'
[12:32:51] Looking for 'java' - found /usr/bin/java
[12:32:51] Looking for 'makeblastdb' - found /ncbi-blast-2.9.0+/bin/makeblastdb
[12:32:51] Determined makeblastdb version is 002009 from 'makeblastdb: 2.9.0+'
[12:32:51] Looking for 'minced' - found /prokka-1.14.6/binaries/common/minced
[12:32:51] Determined minced version is 002000 from 'minced 0.2.0'
[12:32:51] Looking for 'parallel' - found /prokka-1.14.6/binaries/common/parallel
[12:32:51] Determined parallel version is 20150122 from 'GNU parallel 20150122'
[12:32:51] Looking for 'prodigal' - found /prokka-1.14.6/binaries/linux/prodigal
[12:32:51] Determined prodigal version is 002006 from 'Prodigal V2.6.3: February, 2016'
[12:32:51] Looking for 'prokka-genbank_to_fasta_db' - found /prokka-1.14.6/bin/prokka-genbank_to_fasta_db
[12:32:51] Looking for 'sed' - found /bin/sed
[12:32:51] Looking for 'tbl2asn' - found /usr/bin/tbl2asn
[12:32:51] Determined tbl2asn version is 025008 from 'tbl2asn 25.8   arguments:'
[12:32:51] Using genetic code table 11.
[12:32:51] Loading and checking input file: contigs67.fasta
[12:32:51] Wrote 380 contigs totalling 2212670 bp.
[12:32:51] Predicting tRNAs and tmRNAs
[12:32:51] Running: aragorn -l -gc11  -w ERR1191867\/PROKKA_08102024\.fna
[12:32:52] 1 tRNA-Leu [152121,152206] 35 (aag)
[12:32:52] 1 tRNA-Cys [30122,30195] 34 (gca)
[12:32:52] 1 tRNA-Thr [10316,10388] 34 (ggt)
[12:32:52] 1 tRNA-Arg [35758,35831] 35 (tct)
[12:32:52] 1 tRNA-Leu c[36506,36591] 36 (caa)
[12:32:52] 2 tRNA-Gln c[36599,36672] 34 (ttg)
[12:32:52] 3 tRNA-His c[36681,36755] 35 (gtg)
[12:32:52] 4 tRNA-Trp c[36768,36840] 34 (cca)
[12:32:52] 5 tRNA-Tyr c[36843,36925] 36 (gta)
[12:32:52] 1 tRNA-Arg c[27787,27858] 34 (cct)
[12:32:52] 1 tRNA-Arg c[27626,27699] 35 (ccg)
[12:32:52] 1 tRNA-Ser [17373,17463] 36 (gga)
[12:32:52] 2 tmRNA c[17634,17978] 83,118 AKNNTSYALAA*
[12:32:52] 1 tRNA-Lys [13717,13792] 35 (ctt)
[12:32:52] 1 tRNA-Glu [152,223] 34 (ttc)
[12:32:52] 2 tRNA-Asn [229,302] 35 (gtt)
[12:32:52] 1 tRNA-Phe [3512,3609] 39 (aaa)
[12:32:52] 1 tRNA-Asp [58,130] 34 (gtc)
[12:32:52] 2 tRNA-Lys [155,227] 34 (ttt)
[12:32:52] 3 tRNA-Leu [232,315] 36 (tag)
[12:32:52] 4 tRNA-Thr [333,405] 34 (tgt)
[12:32:52] 5 tRNA-Gly [428,499] 33 (gcc)
[12:32:52] 6 tRNA-Leu [507,592] 35 (taa)
[12:32:52] 7 tRNA-Arg [602,675] 35 (acg)
[12:32:52] 8 tRNA-Pro [690,765] 36 (tgg)
[12:32:52] 9 tRNA-Met [769,844] 36 (cat)
[12:32:52] 10 tRNA-Met [857,930] 35 (cat)
[12:32:52] 11 tRNA-Ser [941,1030] 37 (tga)
[12:32:52] 12 tRNA-Met [1044,1117] 35 (cat)
[12:32:52] 13 tRNA-Phe [1121,1193] 34 (gaa)
[12:32:52] 14 tRNA-Gly [1213,1283] 33 (tcc)
[12:32:52] 15 tRNA-Ile [1318,1393] 36 (gat)
[12:32:52] 16 tRNA-Ser [1398,1487] 36 (gct)
[12:32:52] 1 tRNA-Tyr [10388,10468] 35 (gta)
[12:32:52] 2 tRNA-Gln [10478,10549] 33 (ttg)
[12:32:52] 1 tRNA-Ala c[3219,3293] 35 (tgc)
[12:32:52] 1 tRNA-Val [59,131] 34 (tac)
[12:32:52] Found 37 tRNAs
[12:32:52] Predicting Ribosomal RNAs
[12:32:52] Running Barrnap with 8 threads
[12:32:53] 1 NODE_73_length_5194_cov_295.296945 6 5S ribosomal RNA
[12:32:53] 2 NODE_73_length_5194_cov_295.296945 197 23S ribosomal RNA
[12:32:53] 3 NODE_73_length_5194_cov_295.296945 3345 16S ribosomal RNA
[12:32:53] Found 3 rRNAs
[12:32:53] Skipping ncRNA search, enable with --rfam if desired.
[12:32:53] Total of 39 tRNA + rRNA features
[12:32:53] Searching for CRISPR repeats
[12:32:54] Found 0 CRISPRs
[12:32:54] Predicting coding sequences
[12:32:54] Contigs total 2212670 bp, so using single mode
[12:32:54] Running: prodigal -i ERR1191867\/PROKKA_08102024\.fna -c -m -g 11 -p single -f sco -q
[12:32:57] Excluding CDS which overlaps existing RNA (tRNA) at NODE_38_length_20931_cov_95.491378:3463..5004 on + strand
[12:32:57] Found 2164 CDS
[12:32:57] Connecting features back to sequences
[12:32:57] Not using genus-specific database. Try --usegenus to enable it.
[12:32:57] Annotating CDS, please be patient.
[12:32:57] Will use 8 CPUs for similarity searching.
[12:32:58] There are still 2164 unannotated CDS left (started with 2164)
[12:32:58] Will use blast to search against /prokka-1.14.6/db/kingdom/Bacteria/IS with 8 CPUs
[12:32:58] Running: cat ERR1191867\/PROKKA_08102024\.IS\.tmp\.1696\.faa | parallel --gnu --plain -j 8 --block 39318 --recstart '>' --pipe blastp -query - -db /prokka-1.14.6/db/kingdom/Bacteria/IS -evalue 1e-30 -qcov_hsp_perc 90 -num_threads 1 -num_descriptions 1 -num_alignments 1 -seg no > ERR1191867\/PROKKA_08102024\.IS\.tmp\.1696\.blast 2> /dev/null
[12:33:10] Deleting unwanted file: ERR1191867/PROKKA_08102024.IS.tmp.1696.faa
[12:33:10] Deleting unwanted file: ERR1191867/PROKKA_08102024.IS.tmp.1696.blast
[12:33:11] There are still 2129 unannotated CDS left (started with 2164)
[12:33:11] Will use blast to search against /prokka-1.14.6/db/kingdom/Bacteria/AMR with 8 CPUs
[12:33:11] Running: cat ERR1191867\/PROKKA_08102024\.AMR\.tmp\.1696\.faa | parallel --gnu --plain -j 8 --block 38941 --recstart '>' --pipe blastp -query - -db /prokka-1.14.6/db/kingdom/Bacteria/AMR -evalue 9.99999999999999e-301 -qcov_hsp_perc 90 -num_threads 1 -num_descriptions 1 -num_alignments 1 -seg no > ERR1191867\/PROKKA_08102024\.AMR\.tmp\.1696\.blast 2> /dev/null
[12:33:21] Deleting unwanted file: ERR1191867/PROKKA_08102024.AMR.tmp.1696.faa
[12:33:22] Deleting unwanted file: ERR1191867/PROKKA_08102024.AMR.tmp.1696.blast
[12:33:23] There are still 2128 unannotated CDS left (started with 2164)
[12:33:23] Will use blast to search against /prokka-1.14.6/db/kingdom/Bacteria/sprot with 8 CPUs
[12:33:23] Running: cat ERR1191867\/PROKKA_08102024\.sprot\.tmp\.1696\.faa | parallel --gnu --plain -j 8 --block 38901 --recstart '>' --pipe blastp -query - -db /prokka-1.14.6/db/kingdom/Bacteria/sprot -evalue 1e-09 -qcov_hsp_perc 80 -num_threads 1 -num_descriptions 1 -num_alignments 1 -seg no > ERR1191867\/PROKKA_08102024\.sprot\.tmp\.1696\.blast 2> /dev/null
[12:34:10] Modify product: Uncharacterized MscS family protein YkuT => putative MscS family protein YkuT
[12:34:10] Modify product: Uncharacterized protein YqeH => putative protein YqeH
[12:34:10] Modify product: Multidrug efflux system ATP-binding protein Rv1218c => Multidrug efflux system ATP-binding protein
[12:34:10] Modify product: Uncharacterized protein YhaP => putative protein YhaP
[12:34:10] Modify product: Uncharacterized oxidoreductase YjhC => putative oxidoreductase YjhC
[12:34:10] Modify product: Uncharacterized HTH-type transcriptional regulator YbbH => putative HTH-type transcriptional regulator YbbH
[12:34:10] Modify product: Uncharacterized ABC transporter ATP-binding protein Rv0986 => putative ABC transporter ATP-binding protein
[12:34:10] Modify product: Probable metallo-hydrolase M6_Spy0554 => putative metallo-hydrolase
[12:34:10] Modify product: GTP cyclohydrolase 1 type 2 homolog => GTP cyclohydrolase 1 type 2 
[12:34:10] Modify product: Uncharacterized inner membrane transporter YicL => putative inner membrane transporter YicL
[12:34:10] Modify product: Probable amino-acid permease protein YxeN => putative amino-acid permease protein YxeN
[12:34:10] Modify product: UPF0073 inner membrane protein YqfA => hypothetical protein
[12:34:10] Modify product: Probable NADH oxidase => putative NADH oxidase
[12:34:10] Modify product: UPF0291 protein SP_1473 => hypothetical protein
[12:34:10] Modify product: Probable ATP-dependent RNA helicase YfmL => putative ATP-dependent RNA helicase YfmL
[12:34:10] Modify product: N-acetylmuramoyl-L-alanine amidase domain-containing protein SAOUHSC_02979 => N-acetylmuramoyl-L-alanine amidase domain-containing protein
[12:34:10] Modify product: Uncharacterized RNA methyltransferase SP_1029 => putative RNA methyltransferase
[12:34:10] Modify product: Probable siderophore transport system permease protein YfhA => putative siderophore transport system permease protein YfhA
[12:34:10] Modify product: Putative lipid kinase SP_1045 => Putative lipid kinase
[12:34:10] Modify product: Probable L-ascorbate-6-phosphate lactonase UlaG => putative L-ascorbate-6-phosphate lactonase UlaG
[12:34:10] Modify product: Probable licABCH operon regulator => putative licABCH operon regulator
[12:34:10] Modify product: Probable FMN/FAD exporter YeeO => putative FMN/FAD exporter YeeO
[12:34:10] Modify product: Probable ATP-dependent Clp protease ATP-binding subunit => putative ATP-dependent Clp protease ATP-binding subunit
[12:34:10] Modify product: Uncharacterized protein Spy1535 => putative protein
[12:34:10] Modify product: Uncharacterized protein Spy1614 => putative protein
[12:34:10] Modify product: Uncharacterized protein SA1069 => putative protein
[12:34:10] Modify product: Uncharacterized HTH-type transcriptional regulator SACOL2360 => putative HTH-type transcriptional regulator
[12:34:10] Modify product: Probable murein peptide carboxypeptidase => putative murein peptide carboxypeptidase
[12:34:10] Modify product: UPF0297 protein SP_0192 => hypothetical protein
[12:34:10] Modify product: UPF0473 protein SP_0194 => hypothetical protein
[12:34:10] Modify product: UPF0237 protein SP_0238 => hypothetical protein
[12:34:10] Modify product: UPF0210 protein SP_0239 => hypothetical protein
[12:34:10] Modify product: Uncharacterized protein HI_0131 => putative protein
[12:34:10] Modify product: Uncharacterized HTH-type transcriptional regulator YdjF => putative HTH-type transcriptional regulator YdjF
[12:34:10] Modify product: Phosphate-specific transport system accessory protein PhoU homolog => Phosphate-specific transport system accessory protein PhoU 
[12:34:11] Modify product: UPF0223 protein BH2638 => hypothetical protein
[12:34:11] Modify product: Uncharacterized ABC transporter ATP-binding protein YknY => putative ABC transporter ATP-binding protein YknY
[12:34:11] Modify product: UPF0053 protein HI_0107 => hypothetical protein
[12:34:11] Modify product: Uncharacterized protein YlbL => putative protein YlbL
[12:34:11] Modify product: Uncharacterized ABC transporter ATP-binding protein YknY => putative ABC transporter ATP-binding protein YknY
[12:34:11] Modify product: Uncharacterized metal-dependent hydrolase YcfH => putative metal-dependent hydrolase YcfH
[12:34:11] Modify product: UPF0346 protein SP_0947 => hypothetical protein
[12:34:11] Modify product: Acetyltransferase PA3944 => Acetyltransferase
[12:34:11] Modify product: Rqc2 homolog RqcH => Rqc2 RqcH
[12:34:11] Modify product: Probable protein-export membrane protein SecG => putative protein-export membrane protein SecG
[12:34:11] Modify product: Probable S-adenosyl-L-methionine-dependent methyltransferase TehB => putative S-adenosyl-L-methionine-dependent methyltransferase TehB
[12:34:11] Modify product: Uncharacterized protein Spy1595 => putative protein
[12:34:11] Modify product: Uncharacterized amino acid permease YhdG => putative amino acid permease YhdG
[12:34:11] Modify product: Putative NAD(P)H nitroreductase Spy0809 => Putative NAD(P)H nitroreductase
[12:34:11] Modify product: Probable glutamine ABC transporter permease protein GlnM => putative glutamine ABC transporter permease protein GlnM
[12:34:11] Modify product: Putative dipeptidase SA1572 => Putative dipeptidase
[12:34:11] Modify product: Probable glycerol uptake facilitator protein => putative glycerol uptake facilitator protein
[12:34:11] Modify product: Probable glutamine ABC transporter permease protein GlnM => putative glutamine ABC transporter permease protein GlnM
[12:34:11] Modify product: Uncharacterized oxidoreductase SA2266 => putative oxidoreductase
[12:34:11] Modify product: UPF0340 protein YwlG => hypothetical protein
[12:34:11] Modify product: Uncharacterized response regulatory protein SACOL0201 => putative response regulatory protein
[12:34:11] Modify product: Probable glutamine ABC transporter permease protein GlnP => putative glutamine ABC transporter permease protein GlnP
[12:34:11] Modify product: Uncharacterized ABC transporter ATP-binding protein Rv0986 => putative ABC transporter ATP-binding protein
[12:34:11] Modify product: UPF0758 protein SP_1088 => hypothetical protein
[12:34:11] Modify product: Putative glutamine amidotransferase Rv2859c => Putative glutamine amidotransferase
[12:34:11] Modify product: Nucleoid-associated protein SP_1102 => Nucleoid-associated protein
[12:34:11] Modify product: DegV domain-containing protein SP_1112 => DegV domain-containing protein
[12:34:11] Modify product: Sulfurtransferase Alvin_2599 => Sulfurtransferase
[12:34:11] Modify product: Probable N-acetyl-LL-diaminopimelate aminotransferase => putative N-acetyl-LL-diaminopimelate aminotransferase
[12:34:11] Modify product: UPF0324 inner membrane protein YeiH => hypothetical protein
[12:34:11] Modify product: Probable pyridine nucleotide-disulfide oxidoreductase RclA => putative pyridine nucleotide-disulfide oxidoreductase RclA
[12:34:11] Modify product: Probable GTP-binding protein EngB => putative GTP-binding protein EngB
[12:34:11] Modify product: Probable cell division protein WhiA => putative cell division protein WhiA
[12:34:11] Modify product: DegV domain-containing protein spr1415 => DegV domain-containing protein
[12:34:11] Modify product: Putative trans-acting regulator SP_1800 => Putative trans-acting regulator
[12:34:12] Modify product: UPF0213 protein SP_1535 => hypothetical protein
[12:34:12] Modify product: Probable manganese-dependent inorganic pyrophosphatase => putative manganese-dependent inorganic pyrophosphatase
[12:34:12] Modify product: UPF0398 protein SP_0371 => hypothetical protein
[12:34:12] Modify product: UPF0371 protein DIP2346 => hypothetical protein
[12:34:12] Modify product: Probable capsular polysaccharide biosynthesis protein YwqC => putative capsular polysaccharide biosynthesis protein YwqC
[12:34:12] Modify product: Protein RmlC homolog => Protein RmlC 
[12:34:12] Modify product: Uncharacterized ABC transporter ATP-binding protein YheS => putative ABC transporter ATP-binding protein YheS
[12:34:12] Modify product: Protease HtpX homolog => Protease HtpX 
[12:34:12] Modify product: UPF0122 protein SP_1288 => hypothetical protein
[12:34:12] Modify product: Putative phosphatase M6_Spy0533 => Putative phosphatase
[12:34:12] Modify product: Probable bifunctional oligoribonuclease and PAP phosphatase NrnA => putative bifunctional oligoribonuclease and PAP phosphatase NrnA
[12:34:12] Modify product: Probable deferrochelatase/peroxidase EfeN => putative deferrochelatase/peroxidase EfeN
[12:34:12] Modify product: Phosphate-specific transport system accessory protein PhoU homolog => Phosphate-specific transport system accessory protein PhoU 
[12:34:12] Modify product: Uncharacterized protein YqgN => putative protein YqgN
[12:34:12] Modify product: Uncharacterized inner membrane transporter YicL => putative inner membrane transporter YicL
[12:34:12] Modify product: Uncharacterized transporter YycB => putative transporter YycB
[12:34:12] Modify product: UPF0176 protein SP_0095 => hypothetical protein
[12:34:12] Modify product: Uncharacterized multiple-sugar transport system permease YteP => putative multiple-sugar transport system permease YteP
[12:34:12] Modify product: Probable transcription repressor NiaR => putative transcription repressor NiaR
[12:34:12] Modify product: Uncharacterized oxidoreductase YjhC => putative oxidoreductase YjhC
[12:34:12] Modify product: Glutathione peroxidase homolog BsaA => Glutathione peroxidase BsaA
[12:34:12] Modify product: Probable licABCH operon regulator => putative licABCH operon regulator
[12:34:12] Modify product: Probable DNA-directed RNA polymerase subunit delta => putative DNA-directed RNA polymerase subunit delta
[12:34:12] Modify product: UPF0397 protein SP_0482 => hypothetical protein
[12:34:12] Modify product: Putative zinc metalloprotease SA1105 => Putative zinc metalloprotease
[12:34:12] Modify product: Probable multidrug resistance ABC transporter ATP-binding/permease protein YheH => putative multidrug resistance ABC transporter ATP-binding/permease protein YheH
[12:34:12] Modify product: Probable multidrug resistance ABC transporter ATP-binding/permease protein YheI => putative multidrug resistance ABC transporter ATP-binding/permease protein YheI
[12:34:12] Modify product: UPF0702 transmembrane protein YetF => hypothetical protein
[12:34:12] Modify product: Uncharacterized AAA domain-containing protein Rv2559c => putative AAA domain-containing protein
[12:34:12] Modify product: Uncharacterized multiple-sugar transport system permease YteP => putative multiple-sugar transport system permease YteP
[12:34:12] Modify product: Putative trans-acting regulator SP_1800 => Putative trans-acting regulator
[12:34:12] Modify product: UPF0356 protein SP_0122 => hypothetical protein
[12:34:13] Modify product: Probable transcriptional regulatory protein YeeN => putative transcriptional regulatory protein YeeN
[12:34:13] Modify product: Uncharacterized ABC transporter ATP-binding protein Rv1273c => putative ABC transporter ATP-binding protein
[12:34:13] Modify product: Uncharacterized ABC transporter ATP-binding protein TM_0288 => putative ABC transporter ATP-binding protein
[12:34:13] Modify product: Uncharacterized protein HI_0933 => putative protein
[12:34:13] Modify product: DegV domain-containing protein spr0652 => DegV domain-containing protein
[12:34:13] Modify product: Putative transport protein Rv0205 => Putative transport protein
[12:34:13] Modify product: UPF0342 protein SP_1372 => hypothetical protein
[12:34:13] Modify product: Probable dihydroorotate dehydrogenase A (fumarate) => putative dihydroorotate dehydrogenase A (fumarate)
[12:34:13] Modify product: Uncharacterized protein YqeN => putative protein YqeN
[12:34:13] Modify product: Probable dual-specificity RNA methyltransferase RlmN => putative dual-specificity RNA methyltransferase RlmN
[12:34:13] Modify product: Uncharacterized ABC transporter ATP-binding protein YbiT => putative ABC transporter ATP-binding protein YbiT
[12:34:13] Modify product: Uncharacterized ABC transporter ATP-binding protein YknY => putative ABC transporter ATP-binding protein YknY
[12:34:13] Modify product: Uncharacterized ABC transporter permease YknZ => putative ABC transporter permease YknZ
[12:34:13] Modify product: Uncharacterized protein YbbA => putative protein YbbA
[12:34:13] Modify product: Probable tRNA sulfurtransferase => putative tRNA sulfurtransferase
[12:34:13] Modify product: UPF0051 protein SA0778 => hypothetical protein
[12:34:13] Modify product: UPF0051 protein SA0778 => hypothetical protein
[12:34:13] Modify product: Probable ABC transporter ATP-binding protein M6_Spy0273 => putative ABC transporter ATP-binding protein
[12:34:13] Modify product: Probable peptidoglycan glycosyltransferase FtsW => putative peptidoglycan glycosyltransferase FtsW
[12:34:13] Modify product: Probable riboflavin import permease protein RfuC => putative riboflavin import permease protein RfuC
[12:34:13] Modify product: Bifunctional protein FolD => Bifunctional protein FolD protein
[12:34:13] Modify product: Probable type I restriction enzyme BthVORF4518P M protein => putative type I restriction enzymeP M protein
[12:34:13] Modify product: Uncharacterized ABC transporter ATP-binding protein YbiT => putative ABC transporter ATP-binding protein YbiT
[12:34:13] Modify product: Uncharacterized zinc protease Rv2782c => putative zinc protease
[12:34:13] Modify product: Probable copper-transporting ATPase PacS => putative copper-transporting ATPase PacS
[12:34:13] Modify product: Phosphate-specific transport system accessory protein PhoU homolog => Phosphate-specific transport system accessory protein PhoU 
[12:34:13] Modify product: Uncharacterized ABC transporter ATP-binding protein Rv1273c => putative ABC transporter ATP-binding protein
[12:34:13] Modify product: Uncharacterized ABC transporter ATP-binding protein TM_0288 => putative ABC transporter ATP-binding protein
[12:34:13] Modify product: Putative glutamine amidotransferase Rv2859c => Putative glutamine amidotransferase
[12:34:13] Modify product: Acetyltransferase Atu2258 => Acetyltransferase
[12:34:14] Modify product: Probable ribosomal protein YlxQ => putative ribosomal protein YlxQ
[12:34:14] Modify product: Probable nicotinate-nucleotide pyrophosphorylase [carboxylating] => putative nicotinate-nucleotide pyrophosphorylase [carboxylating]
[12:34:14] Modify product: Tyrosine recombinase XerD-like => Tyrosine recombinase XerD-like protein
[12:34:14] Modify product: Putative universal stress protein SA1532 => Putative universal stress protein
[12:34:14] Modify product: Uncharacterized protein YccU => putative protein YccU
[12:34:14] Modify product: Uncharacterized ABC transporter ATP-binding protein Rv1273c => putative ABC transporter ATP-binding protein
[12:34:14] Modify product: Uncharacterized protein SP_1052 => putative protein
[12:34:14] Modify product: UPF0374 protein SP_1903 => hypothetical protein
[12:34:14] Cleaned 140 /product names
[12:34:14] Deleting unwanted file: ERR1191867/PROKKA_08102024.sprot.tmp.1696.faa
[12:34:14] Deleting unwanted file: ERR1191867/PROKKA_08102024.sprot.tmp.1696.blast
[12:34:14] There are still 984 unannotated CDS left (started with 2164)
[12:34:14] Will use hmmer3 to search against /prokka-1.14.6/db/hmm/HAMAP.hmm with 8 CPUs
[12:34:14] Running: cat ERR1191867\/PROKKA_08102024\.HAMAP\.hmm\.tmp\.1696\.faa | parallel --gnu --plain -j 8 --block 14522 --recstart '>' --pipe hmmscan --noali --notextw --acc -E 1e-09 --cpu 1 /prokka-1.14.6/db/hmm/HAMAP.hmm /dev/stdin > ERR1191867\/PROKKA_08102024\.HAMAP\.hmm\.tmp\.1696\.hmmer3 2> /dev/null
[12:34:32] Modify product: Protein SprT-like => Protein SprT-like protein
[12:34:32] Cleaned 1 /product names
[12:34:32] Deleting unwanted file: ERR1191867/PROKKA_08102024.HAMAP.hmm.tmp.1696.faa
[12:34:32] Deleting unwanted file: ERR1191867/PROKKA_08102024.HAMAP.hmm.tmp.1696.hmmer3
[12:34:32] Labelling remaining 898 proteins as 'hypothetical protein'
[12:34:32] Possible /pseudo 'Serine/threonine transporter SstT' at NODE_1_length_207863_cov_77.291149 position 3608
[12:34:32] Possible /pseudo 'putative protein' at NODE_2_length_90293_cov_84.001718 position 74969
[12:34:32] Possible /pseudo 'Phosphate import ATP-binding protein PstB 3' at NODE_4_length_76676_cov_82.863314 position 8675
[12:34:32] Possible /pseudo 'Vitamin B12 import ATP-binding protein BtuD' at NODE_5_length_73070_cov_89.703417 position 7571
[12:34:32] Possible /pseudo 'Alanine dehydrogenase' at NODE_9_length_52017_cov_81.071244 position 7444
[12:34:32] Possible /pseudo 'IS5 family transposase ISSpn7' at NODE_11_length_45763_cov_84.320272 position 5960
[12:34:32] Possible /pseudo 'Putative fluoride ion transporter CrcB' at NODE_18_length_36297_cov_82.264334 position 28689
[12:34:32] Possible /pseudo 'Coenzyme A biosynthesis bifunctional protein CoaBC' at NODE_21_length_31150_cov_75.112044 position 8567
[12:34:32] Possible /pseudo 'IS3 family transposase ISSpn4' at NODE_38_length_20931_cov_95.491378 position 20011
[12:34:32] Possible /pseudo 'IS630 family transposase ISSpn2' at NODE_41_length_20524_cov_97.777859 position 17137
[12:34:32] Possible /pseudo 'O-acetyl-L-homoserine sulfhydrylase' at NODE_45_length_18882_cov_72.657194 position 5975
[12:34:32] Possible /pseudo 'putative ABC transporter ATP-binding protein' at NODE_47_length_18051_cov_85.620805 position 9485
[12:34:32] Possible /pseudo 'ISL3 family transposase ISSpn14' at NODE_58_length_12868_cov_91.557637 position 12604
[12:34:32] Found 1005 unique /gene codes.
[12:34:32] Fixed 2 duplicate /gene - yjhC_1 yjhC_2
[12:34:32] Fixed 2 duplicate /gene - ettA_1 ettA_2
[12:34:32] Fixed 3 duplicate /gene - sarA_1 sarA_2 sarA_3
[12:34:32] Fixed 2 duplicate /gene - rluD_1 rluD_2
[12:34:32] Fixed 2 duplicate /gene - coaBC_1 coaBC_2
[12:34:32] Fixed 2 duplicate /gene - gmuD_1 gmuD_2
[12:34:32] Fixed 2 duplicate /gene - sstT_1 sstT_2
[12:34:32] Fixed 2 duplicate /gene - yidA_1 yidA_2
[12:34:32] Fixed 2 duplicate /gene - bglH_1 bglH_2
[12:34:32] Fixed 3 duplicate /gene - dinG_1 dinG_2 dinG_3
[12:34:32] Fixed 2 duplicate /gene - crcB_1 crcB_2
[12:34:32] Fixed 2 duplicate /gene - lytA_1 lytA_2
[12:34:32] Fixed 2 duplicate /gene - tenA_1 tenA_2
[12:34:32] Fixed 4 duplicate /gene - licC_1 licC_2 licC_3 licC_4
[12:34:32] Fixed 2 duplicate /gene - iscS_1 iscS_2
[12:34:32] Fixed 2 duplicate /gene - msbA_1 msbA_2
[12:34:32] Fixed 2 duplicate /gene - ybiT_1 ybiT_2
[12:34:32] Fixed 2 duplicate /gene - lacC_1 lacC_2
[12:34:32] Fixed 3 duplicate /gene - lacF_1 lacF_2 lacF_3
[12:34:32] Fixed 2 duplicate /gene - ruvB_1 ruvB_2
[12:34:32] Fixed 2 duplicate /gene - melD_1 melD_2
[12:34:32] Fixed 2 duplicate /gene - glgX_1 glgX_2
[12:34:32] Fixed 2 duplicate /gene - atpE_1 atpE_2
[12:34:32] Fixed 2 duplicate /gene - glnM_1 glnM_2
[12:34:32] Fixed 2 duplicate /gene - tagU_1 tagU_2
[12:34:32] Fixed 2 duplicate /gene - udk_1 udk_2
[12:34:32] Fixed 2 duplicate /gene - tadA_1 tadA_2
[12:34:32] Fixed 2 duplicate /gene - dnaC_1 dnaC_2
[12:34:32] Fixed 2 duplicate /gene - IMPDH_1 IMPDH_2
[12:34:32] Fixed 2 duplicate /gene - lacR_1 lacR_2
[12:34:32] Fixed 2 duplicate /gene - adh_1 adh_2
[12:34:32] Fixed 2 duplicate /gene - sorB_1 sorB_2
[12:34:32] Fixed 3 duplicate /gene - pstB3_1 pstB3_2 pstB3_3
[12:34:32] Fixed 2 duplicate /gene - ykoD_1 ykoD_2
[12:34:32] Fixed 3 duplicate /gene - nanA_1 nanA_2 nanA_3
[12:34:32] Fixed 2 duplicate /gene - thiE_1 thiE_2
[12:34:32] Fixed 2 duplicate /gene - nanE_1 nanE_2
[12:34:32] Fixed 2 duplicate /gene - ecsA_1 ecsA_2
[12:34:32] Fixed 2 duplicate /gene - ssb_1 ssb_2
[12:34:32] Fixed 2 duplicate /gene - lagD_1 lagD_2
[12:34:32] Fixed 2 duplicate /gene - thiM_1 thiM_2
[12:34:32] Fixed 2 duplicate /gene - galT_1 galT_2
[12:34:32] Fixed 2 duplicate /gene - gatC_1 gatC_2
[12:34:32] Fixed 2 duplicate /gene - pepA_1 pepA_2
[12:34:32] Fixed 2 duplicate /gene - metG_1 metG_2
[12:34:32] Fixed 2 duplicate /gene - fpgS_1 fpgS_2
[12:34:32] Fixed 9 duplicate /gene - btuD_1 btuD_2 btuD_3 btuD_4 btuD_5 btuD_6 btuD_7 btuD_8 btuD_9
[12:34:32] Fixed 3 duplicate /gene - yknY_1 yknY_2 yknY_3
[12:34:32] Fixed 2 duplicate /gene - galK_1 galK_2
[12:34:32] Fixed 2 duplicate /gene - glyA_1 glyA_2
[12:34:32] Fixed 2 duplicate /gene - yicL_1 yicL_2
[12:34:32] Fixed 2 duplicate /gene - dsbD_1 dsbD_2
[12:34:32] Fixed 2 duplicate /gene - artP_1 artP_2
[12:34:32] Fixed 2 duplicate /gene - gpmA_1 gpmA_2
[12:34:32] Fixed 2 duplicate /gene - lacE_1 lacE_2
[12:34:32] Fixed 2 duplicate /gene - nanB_1 nanB_2
[12:34:32] Fixed 2 duplicate /gene - def_1 def_2
[12:34:32] Fixed 3 duplicate /gene - argR_1 argR_2 argR_3
[12:34:32] Fixed 2 duplicate /gene - ccpA_1 ccpA_2
[12:34:32] Fixed 2 duplicate /gene - murA1_1 murA1_2
[12:34:32] Fixed 2 duplicate /gene - lcnD_1 lcnD_2
[12:34:32] Fixed 2 duplicate /gene - cutC_1 cutC_2
[12:34:32] Fixed 3 duplicate /gene - bglK_1 bglK_2 bglK_3
[12:34:32] Fixed 2 duplicate /gene - mshD_1 mshD_2
[12:34:32] Fixed 2 duplicate /gene - pepF1_1 pepF1_2
[12:34:32] Fixed 2 duplicate /gene - clpC_1 clpC_2
[12:34:32] Fixed 2 duplicate /gene - rsuA_1 rsuA_2
[12:34:32] Fixed 2 duplicate /gene - pcp_1 pcp_2
[12:34:32] Fixed 2 duplicate /gene - galE_1 galE_2
[12:34:32] Fixed 2 duplicate /gene - ecfT_1 ecfT_2
[12:34:32] Fixed 2 duplicate /gene - gph_1 gph_2
[12:34:32] Fixed 2 duplicate /gene - COQ5_1 COQ5_2
[12:34:32] Fixed 3 duplicate /gene - manZ_1 manZ_2 manZ_3
[12:34:32] Fixed 2 duplicate /gene - ptsG_1 ptsG_2
[12:34:32] Fixed 2 duplicate /gene - ald_1 ald_2
[12:34:32] Fixed 2 duplicate /gene - licR_1 licR_2
[12:34:32] Fixed 2 duplicate /gene - spxA_1 spxA_2
[12:34:32] Fixed 2 duplicate /gene - manX_1 manX_2
[12:34:32] Fixed 2 duplicate /gene - arlR_1 arlR_2
[12:34:32] Fixed 2 duplicate /gene - ulaA_1 ulaA_2
[12:34:32] Fixed 2 duplicate /gene - deoD_1 deoD_2
[12:34:32] Fixed 2 duplicate /gene - licT_1 licT_2
[12:34:32] Fixed 2 duplicate /gene - resA_1 resA_2
[12:34:32] Fixed 2 duplicate /gene - artM_1 artM_2
[12:34:32] Fixed 3 duplicate /gene - agaA_1 agaA_2 agaA_3
[12:34:32] Fixed 2 duplicate /gene - yteP_1 yteP_2
[12:34:32] Fixed 3 duplicate /gene - phoU_1 phoU_2 phoU_3
[12:34:32] Fixed 9 duplicate /gene - xerC_1 xerC_2 xerC_3 xerC_4 xerC_5 xerC_6 xerC_7 xerC_8 xerC_9
[12:34:32] Fixed 2 duplicate /gene - bcrA_1 bcrA_2
[12:34:32] Fixed 3 duplicate /gene - sasA_1 sasA_2 sasA_3
[12:34:32] Fixed 3 duplicate /gene - glnQ_1 glnQ_2 glnQ_3
[12:34:32] Fixed 3 duplicate /gene - licA_1 licA_2 licA_3
[12:34:32] Fixed 2 duplicate /gene - araQ_1 araQ_2
[12:34:32] Fixed 93 colliding /gene names.
[12:34:32] Adding /locus_tag identifiers
[12:34:32] Assigned 2204 locus_tags to CDS and RNA features.
[12:34:32] Writing outputs to ERR1191867/
[12:34:34] Generating annotation statistics file
[12:34:34] Generating Genbank and Sequin files
[12:34:34] Running: tbl2asn -V b -a r10k -l paired-ends -M n -N 1 -y 'Annotated using prokka 1.14.6 from https://github.com/tseemann/prokka' -Z ERR1191867\/PROKKA_08102024\.err -i ERR1191867\/PROKKA_08102024\.fsa 2> /dev/null
[12:34:40] Deleting unwanted file: ERR1191867/errorsummary.val
[12:34:40] Deleting unwanted file: ERR1191867/PROKKA_08102024.dr
[12:34:40] Deleting unwanted file: ERR1191867/PROKKA_08102024.fixedproducts
[12:34:40] Deleting unwanted file: ERR1191867/PROKKA_08102024.ecn
[12:34:40] Deleting unwanted file: ERR1191867/PROKKA_08102024.val
[12:34:40] Repairing broken .GBK output that tbl2asn produces...
[12:34:40] Running: sed 's/COORDINATES: profile/COORDINATES:profile/' < ERR1191867\/PROKKA_08102024\.gbf > ERR1191867\/PROKKA_08102024\.gbk
[12:34:40] Deleting unwanted file: ERR1191867/PROKKA_08102024.gbf
[12:34:40] Output files:
[12:34:40] ERR1191867/PROKKA_08102024.sqn
[12:34:40] ERR1191867/PROKKA_08102024.fsa
[12:34:40] ERR1191867/PROKKA_08102024.gbk
[12:34:40] ERR1191867/PROKKA_08102024.err
[12:34:40] ERR1191867/PROKKA_08102024.tsv
[12:34:40] ERR1191867/PROKKA_08102024.log
[12:34:40] ERR1191867/PROKKA_08102024.faa
[12:34:40] ERR1191867/PROKKA_08102024.txt
[12:34:40] ERR1191867/PROKKA_08102024.ffn
[12:34:40] ERR1191867/PROKKA_08102024.tbl
[12:34:40] ERR1191867/PROKKA_08102024.fna
[12:34:40] ERR1191867/PROKKA_08102024.gff
[12:34:40] Annotation finished successfully.
[12:34:40] Walltime used: 1.83 minutes
[12:34:40] If you use this result please cite the Prokka paper:
[12:34:40] Seemann T (2014) Prokka: rapid prokaryotic genome annotation. Bioinformatics. 30(14):2068-9.
[12:34:40] Type 'prokka --citation' for more details.
[12:34:40] Thank you, come again.
