08/11/2024 09:26:55 PM    ==== Scoary started ====
08/11/2024 09:26:55 PM    Command: /usr/local/bin/scoary -g Gene_presence_absence.csv -t /data/traits.csv
08/11/2024 09:26:55 PM    Reading gene presence absence file
08/11/2024 09:26:55 PM    Creating Hamming distance matrix based on gene presence/absence
08/11/2024 09:26:55 PM    Building UPGMA tree from distance matrix
08/11/2024 09:26:55 PM    Reading traits file
08/11/2024 09:26:55 PM    Finished loading files into memory.


08/11/2024 09:26:55 PM    ==== Performing statistics ====
08/11/2024 09:26:55 PM    -- Filtration options --
08/11/2024 09:26:55 PM    Individual (Naive):    0.05
08/11/2024 09:26:55 PM    Collapse genes:    False


08/11/2024 09:26:55 PM    Tallying genes and performing statistical analyses
08/11/2024 09:26:55 PM    Gene-wise counting and Fisher's exact tests for trait: cefotaxime
08/11/2024 09:26:55 PM    Adding p-values adjusted for testing multiple hypotheses
08/11/2024 09:26:55 PM    Gene-wise counting and Fisher's exact tests for trait: erythromycine
08/11/2024 09:26:55 PM    Adding p-values adjusted for testing multiple hypotheses
08/11/2024 09:26:55 PM    Gene-wise counting and Fisher's exact tests for trait: ceftriaxone
08/11/2024 09:26:56 PM    Adding p-values adjusted for testing multiple hypotheses
08/11/2024 09:26:56 PM    Gene-wise counting and Fisher's exact tests for trait: amoxicilline
08/11/2024 09:26:56 PM    Adding p-values adjusted for testing multiple hypotheses
08/11/2024 09:26:56 PM    Gene-wise counting and Fisher's exact tests for trait: penicilline
08/11/2024 09:26:56 PM    Adding p-values adjusted for testing multiple hypotheses
08/11/2024 09:26:56 PM    Gene-wise counting and Fisher's exact tests for trait: chloramphenicol
08/11/2024 09:26:56 PM    Adding p-values adjusted for testing multiple hypotheses
08/11/2024 09:26:56 PM    Gene-wise counting and Fisher's exact tests for trait: tetracycline
08/11/2024 09:26:57 PM    Adding p-values adjusted for testing multiple hypotheses
08/11/2024 09:26:57 PM    Gene-wise counting and Fisher's exact tests for trait: optochine
08/11/2024 09:26:57 PM    Adding p-values adjusted for testing multiple hypotheses
08/11/2024 09:26:57 PM    Storing results: cefotaxime
08/11/2024 09:26:57 PM    Calculating max number of contrasting pairs for each nominally significant gene
08/11/2024 09:26:57 PM    Storing results to file
08/11/2024 09:26:57 PM    Storing results: erythromycine
08/11/2024 09:26:57 PM    Calculating max number of contrasting pairs for each nominally significant gene
08/11/2024 09:26:57 PM    Storing results to file
08/11/2024 09:26:57 PM    Storing results: ceftriaxone
08/11/2024 09:26:57 PM    Calculating max number of contrasting pairs for each nominally significant gene
08/11/2024 09:26:57 PM    Storing results to file
08/11/2024 09:26:57 PM    Storing results: amoxicilline
08/11/2024 09:26:57 PM    Calculating max number of contrasting pairs for each nominally significant gene
08/11/2024 09:26:57 PM    Storing results to file
08/11/2024 09:26:57 PM    Storing results: penicilline
08/11/2024 09:26:57 PM    Calculating max number of contrasting pairs for each nominally significant gene
08/11/2024 09:26:57 PM    Storing results to file
08/11/2024 09:26:57 PM    Storing results: chloramphenicol
08/11/2024 09:26:57 PM    Calculating max number of contrasting pairs for each nominally significant gene
08/11/2024 09:26:57 PM    Storing results to file
08/11/2024 09:26:57 PM    Storing results: tetracycline
08/11/2024 09:26:57 PM    Calculating max number of contrasting pairs for each nominally significant gene
08/11/2024 09:26:57 PM    Storing results to file
08/11/2024 09:26:57 PM    Storing results: optochine
08/11/2024 09:26:57 PM    Calculating max number of contrasting pairs for each nominally significant gene
08/11/2024 09:26:57 PM    Storing results to file
08/11/2024 09:26:57 PM    

08/11/2024 09:26:57 PM    ==== Finished ====
08/11/2024 09:26:57 PM    Checked a total of 2726 genes for associations to 8 trait(s). Total time used: 2 seconds.
08/11/2024 09:26:57 PM    No warnings were recorded.
