/root/miniconda3/lib/python3.12/site-packages/quast-5.2.0-py3.12.egg/EGG-INFO/scripts/quast.py contigs67.fasta -o quast_67

Version: 5.2.0, 2723558f

System information:
  OS: Linux-5.15.146.1-microsoft-standard-WSL2-x86_64-with-glibc2.39 (linux_64)
  Python version: 3.12.2
  CPUs number: 8

Started: 2024-08-03 16:58:25

Logging to /home/diawara/spades/quast/quast_67/quast.log
NOTICE: Maximum number of threads is set to 2 (use --threads option to set it manually)

CWD: /home/diawara/spades/quast
Main parameters: 
  MODE: default, threads: 2, min contig length: 500, min alignment length: 65, min alignment IDY: 95.0, \
  ambiguity: one, min local misassembly length: 200, min extensive misassembly length: 1000

Contigs:
  Pre-processing...
  contigs67.fasta ==> contigs67

2024-08-03 16:58:26
Running Basic statistics processor...
  Contig files: 
    contigs67
  Calculating N50 and L50...
    contigs67, N50 = 36297, L50 = 18, auN = 54361.3, Total length = 2175315, GC % = 39.48, # N's per 100 kbp =  0.00
  Drawing Nx plot...
    saved to /home/diawara/spades/quast/quast_67/basic_stats/Nx_plot.pdf
  Drawing cumulative plot...
    saved to /home/diawara/spades/quast/quast_67/basic_stats/cumulative_plot.pdf
  Drawing GC content plot...
    saved to /home/diawara/spades/quast/quast_67/basic_stats/GC_content_plot.pdf
  Drawing contigs67 GC content plot...
    saved to /home/diawara/spades/quast/quast_67/basic_stats/contigs67_GC_content_plot.pdf
  Drawing Coverage histogram (bin size: 4x)...
    saved to /home/diawara/spades/quast/quast_67/basic_stats/coverage_histogram.pdf
  Drawing contigs67 coverage histogram (bin size: 4x)...
    saved to /home/diawara/spades/quast/quast_67/basic_stats/contigs67_coverage_histogram.pdf
Done.

NOTICE: Genes are not predicted by default. Use --gene-finding or --glimmer option to enable it.

2024-08-03 16:58:27
Creating large visual summaries...
This may take a while: press Ctrl-C to skip this step..
  1 of 2: Creating PDF with all tables and plots...
  2 of 2: Creating Icarus viewers...
Done

2024-08-03 16:58:28
RESULTS:
  Text versions of total report are saved to /home/diawara/spades/quast/quast_67/report.txt, report.tsv, and report.tex
  Text versions of transposed total report are saved to /home/diawara/spades/quast/quast_67/transposed_report.txt, transposed_report.tsv, and transposed_report.tex
  HTML version (interactive tables and plots) is saved to /home/diawara/spades/quast/quast_67/report.html
  PDF version (tables and plots) is saved to /home/diawara/spades/quast/quast_67/report.pdf
  Icarus (contig browser) is saved to /home/diawara/spades/quast/quast_67/icarus.html
  Log is saved to /home/diawara/spades/quast/quast_67/quast.log

Finished: 2024-08-03 16:58:28
Elapsed time: 0:00:03.424333
NOTICEs: 2; WARNINGs: 1; non-fatal ERRORs: 0

Thank you for using QUAST!
